running develop
/usr/lib/python3/dist-packages/setuptools/command/easy_install.py:158: EasyInstallDeprecationWarning: easy_install command is deprecated. Use build and pip and other standards-based tools.
  warnings.warn(
/usr/lib/python3/dist-packages/setuptools/command/install.py:34: SetuptoolsDeprecationWarning: setup.py install is deprecated. Use build and pip and other standards-based tools.
  warnings.warn(
running egg_info
creating hw6code.egg-info
writing hw6code.egg-info/PKG-INFO
writing dependency_links to hw6code.egg-info/dependency_links.txt
writing entry points to hw6code.egg-info/entry_points.txt
writing requirements to hw6code.egg-info/requires.txt
writing top-level names to hw6code.egg-info/top_level.txt
writing manifest file 'hw6code.egg-info/SOURCES.txt'
reading manifest file 'hw6code.egg-info/SOURCES.txt'
writing manifest file 'hw6code.egg-info/SOURCES.txt'
running build_ext
Creating /home/ubuntu/host/src/install/hw6code/lib/python3.10/site-packages/hw6code.egg-link (link to .)
Installing hw6p3 script to /home/ubuntu/host/src/install/hw6code/lib/hw6code
Installing hw6p4 script to /home/ubuntu/host/src/install/hw6code/lib/hw6code
Installing hw6p5 script to /home/ubuntu/host/src/install/hw6code/lib/hw6code

Installed /home/ubuntu/host/src/build/hw6code
running install_data
creating /home/ubuntu/host/src/install/hw6code/share/ament_index
creating /home/ubuntu/host/src/install/hw6code/share/ament_index/resource_index
creating /home/ubuntu/host/src/install/hw6code/share/ament_index/resource_index/packages
copying resource/hw6code -> /home/ubuntu/host/src/install/hw6code/share/ament_index/resource_index/packages
copying package.xml -> /home/ubuntu/host/src/install/hw6code/share/hw6code
creating /home/ubuntu/host/src/install/hw6code/share/hw6code/launch
copying launch/hw6p3.launch.py -> /home/ubuntu/host/src/install/hw6code/share/hw6code/launch
copying launch/hw6p4.launch.py -> /home/ubuntu/host/src/install/hw6code/share/hw6code/launch
copying launch/hw6p5.launch.py -> /home/ubuntu/host/src/install/hw6code/share/hw6code/launch
creating /home/ubuntu/host/src/install/hw6code/share/hw6code/meshes
copying meshes/Cube.dae -> /home/ubuntu/host/src/install/hw6code/share/hw6code/meshes
copying meshes/CubePlus.dae -> /home/ubuntu/host/src/install/hw6code/share/hw6code/meshes
copying meshes/GimbalBase.dae -> /home/ubuntu/host/src/install/hw6code/share/hw6code/meshes
copying meshes/GimbalLowerArm.dae -> /home/ubuntu/host/src/install/hw6code/share/hw6code/meshes
copying meshes/GimbalUpperArm.dae -> /home/ubuntu/host/src/install/hw6code/share/hw6code/meshes
creating /home/ubuntu/host/src/install/hw6code/share/hw6code/urdf
copying urdf/gimbal.urdf -> /home/ubuntu/host/src/install/hw6code/share/hw6code/urdf
copying urdf/sixDOF.urdf -> /home/ubuntu/host/src/install/hw6code/share/hw6code/urdf
copying urdf/sixDOF_Obstacle.urdf -> /home/ubuntu/host/src/install/hw6code/share/hw6code/urdf
copying urdf/sixDOF_Paddle.urdf -> /home/ubuntu/host/src/install/hw6code/share/hw6code/urdf
