[14.986s] Invoking command in '/home/ubuntu/host/src/build/hw5code': PYTHONPATH=/home/ubuntu/host/src/build/hw5code/prefix_override:/home/ubuntu/host/src/install/hw5code/lib/python3.10/site-packages:${PYTHONPATH} /usr/bin/python3 setup.py develop --editable --build-directory /home/ubuntu/host/src/build/hw5code/build --no-deps install_data
[18.513s] running develop
[18.544s] /usr/lib/python3/dist-packages/setuptools/command/easy_install.py:158: EasyInstallDeprecationWarning: easy_install command is deprecated. Use build and pip and other standards-based tools.
[18.547s]   warnings.warn(
[18.553s] /usr/lib/python3/dist-packages/setuptools/command/install.py:34: SetuptoolsDeprecationWarning: setup.py install is deprecated. Use build and pip and other standards-based tools.
[18.557s]   warnings.warn(
[23.292s] running egg_info
[24.209s] creating hw5code.egg-info
[24.252s] writing hw5code.egg-info/PKG-INFO
[24.317s] writing dependency_links to hw5code.egg-info/dependency_links.txt
[24.402s] writing entry points to hw5code.egg-info/entry_points.txt
[24.543s] writing requirements to hw5code.egg-info/requires.txt
[24.563s] writing top-level names to hw5code.egg-info/top_level.txt
[25.144s] writing manifest file 'hw5code.egg-info/SOURCES.txt'
[26.600s] reading manifest file 'hw5code.egg-info/SOURCES.txt'
[26.714s] writing manifest file 'hw5code.egg-info/SOURCES.txt'
[26.802s] running build_ext
[26.805s] Creating /home/ubuntu/host/src/install/hw5code/lib/python3.10/site-packages/hw5code.egg-link (link to .)
[26.966s] Installing hw5p1 script to /home/ubuntu/host/src/install/hw5code/lib/hw5code
[27.101s] Installing hw5p2 script to /home/ubuntu/host/src/install/hw5code/lib/hw5code
[27.252s] Installing hw5p3 script to /home/ubuntu/host/src/install/hw5code/lib/hw5code
[27.357s] Installing hw5p4 script to /home/ubuntu/host/src/install/hw5code/lib/hw5code
[27.446s] Installing hw5p5 script to /home/ubuntu/host/src/install/hw5code/lib/hw5code
[27.558s] 
[27.559s] Installed /home/ubuntu/host/src/build/hw5code
[27.613s] running install_data
[27.656s] creating /home/ubuntu/host/src/install/hw5code/share/ament_index
[27.666s] creating /home/ubuntu/host/src/install/hw5code/share/ament_index/resource_index
[27.705s] creating /home/ubuntu/host/src/install/hw5code/share/ament_index/resource_index/packages
[27.764s] copying resource/hw5code -> /home/ubuntu/host/src/install/hw5code/share/ament_index/resource_index/packages
[27.892s] copying package.xml -> /home/ubuntu/host/src/install/hw5code/share/hw5code
[27.990s] creating /home/ubuntu/host/src/install/hw5code/share/hw5code/urdf
[28.042s] copying urdf/threeDOF.urdf -> /home/ubuntu/host/src/install/hw5code/share/hw5code/urdf
[28.333s] Invoked command in '/home/ubuntu/host/src/build/hw5code' returned '0': PYTHONPATH=/home/ubuntu/host/src/build/hw5code/prefix_override:/home/ubuntu/host/src/install/hw5code/lib/python3.10/site-packages:${PYTHONPATH} /usr/bin/python3 setup.py develop --editable --build-directory /home/ubuntu/host/src/build/hw5code/build --no-deps install_data
